<?xml version="1.0" encoding="UTF-8"?>
<!-- Generated by org.testng.reporters.JUnitReportReporter -->
<testsuite skipped="0" hostname="Garys-MacBook-Pro.local" name="core.SubstractTest" tests="4" failures="0" timestamp="07 Jul 2019 09:41:18 GMT" time="0.017" errors="0">
  <testcase name="substract_test_3_param" time="0.001" classname="core.SubstractTest"/>
  <testcase name="substract_test_instanceOf" time="0.001" classname="core.SubstractTest"/>
  <testcase name="substract_test_2_param" time="0.015" classname="core.SubstractTest"/>
  <testcase name="substract_test_4_param" time="0.000" classname="core.SubstractTest"/>
</testsuite> <!-- core.SubstractTest -->
